<?xml version="1.0" encoding="UTF-8"?>
<testng-results ignored="0" total="8" passed="8" failed="0" skipped="0">
  <reporter-output>
  </reporter-output>
  <suite started-at="2024-02-19T12:22:32 IST" name="PetSuite" finished-at="2024-02-19T12:22:45 IST" duration-ms="13640">
    <groups>
    </groups>
    <test started-at="2024-02-19T12:22:32 IST" name="PetTest" finished-at="2024-02-19T12:22:45 IST" duration-ms="13640">
      <class name="api.test.UserTests2">
        <test-method is-config="true" signature="setup()[pri:0, instance:api.test.UserTests2@498d318c]" started-at="2024-02-19T12:22:40 IST" name="setup" finished-at="2024-02-19T12:22:40 IST" duration-ms="50" status="PASS">
          <reporter-output>
          </reporter-output>
        </test-method> <!-- setup -->
        <test-method signature="testCreateUser()[pri:1, instance:api.test.UserTests2@498d318c]" started-at="2024-02-19T12:22:40 IST" name="testCreateUser" finished-at="2024-02-19T12:22:41 IST" duration-ms="1112" status="PASS">
          <reporter-output>
          </reporter-output>
        </test-method> <!-- testCreateUser -->
        <test-method signature="testGetUserByName()[pri:2, instance:api.test.UserTests2@498d318c]" started-at="2024-02-19T12:22:41 IST" name="testGetUserByName" finished-at="2024-02-19T12:22:42 IST" duration-ms="1121" status="PASS">
          <reporter-output>
          </reporter-output>
        </test-method> <!-- testGetUserByName -->
        <test-method signature="testUpdateUserByName()[pri:3, instance:api.test.UserTests2@498d318c]" started-at="2024-02-19T12:22:42 IST" name="testUpdateUserByName" finished-at="2024-02-19T12:22:44 IST" duration-ms="2229" status="PASS">
          <reporter-output>
          </reporter-output>
        </test-method> <!-- testUpdateUserByName -->
        <test-method signature="testDeleteUser()[pri:4, instance:api.test.UserTests2@498d318c]" started-at="2024-02-19T12:22:44 IST" name="testDeleteUser" finished-at="2024-02-19T12:22:45 IST" duration-ms="1188" status="PASS">
          <reporter-output>
          </reporter-output>
        </test-method> <!-- testDeleteUser -->
      </class> <!-- api.test.UserTests2 -->
      <class name="api.test.UserTests">
        <test-method is-config="true" signature="setup()[pri:0, instance:api.test.UserTests@192d43ce]" started-at="2024-02-19T12:22:32 IST" name="setup" finished-at="2024-02-19T12:22:33 IST" duration-ms="663" status="PASS">
          <reporter-output>
          </reporter-output>
        </test-method> <!-- setup -->
        <test-method signature="testCreateUser()[pri:1, instance:api.test.UserTests@192d43ce]" started-at="2024-02-19T12:22:33 IST" name="testCreateUser" finished-at="2024-02-19T12:22:35 IST" duration-ms="2593" status="PASS">
          <reporter-output>
          </reporter-output>
        </test-method> <!-- testCreateUser -->
        <test-method signature="testGetUserByName()[pri:2, instance:api.test.UserTests@192d43ce]" started-at="2024-02-19T12:22:35 IST" name="testGetUserByName" finished-at="2024-02-19T12:22:36 IST" duration-ms="1153" status="PASS">
          <reporter-output>
          </reporter-output>
        </test-method> <!-- testGetUserByName -->
        <test-method signature="testUpdateUserByName()[pri:3, instance:api.test.UserTests@192d43ce]" started-at="2024-02-19T12:22:36 IST" name="testUpdateUserByName" finished-at="2024-02-19T12:22:39 IST" duration-ms="2212" status="PASS">
          <reporter-output>
          </reporter-output>
        </test-method> <!-- testUpdateUserByName -->
        <test-method signature="testDeleteUser()[pri:4, instance:api.test.UserTests@192d43ce]" started-at="2024-02-19T12:22:39 IST" name="testDeleteUser" finished-at="2024-02-19T12:22:40 IST" duration-ms="1124" status="PASS">
          <reporter-output>
          </reporter-output>
        </test-method> <!-- testDeleteUser -->
      </class> <!-- api.test.UserTests -->
    </test> <!-- PetTest -->
  </suite> <!-- PetSuite -->
</testng-results>
