<?xml version="1.0" encoding="UTF-8"?>
<testng-results ignored="0" total="8" passed="8" failed="0" skipped="0">
  <reporter-output>
  </reporter-output>
  <suite started-at="2024-02-19T11:07:17 IST" name="PetSuite" finished-at="2024-02-19T11:07:39 IST" duration-ms="22399">
    <groups>
    </groups>
    <test started-at="2024-02-19T11:07:17 IST" name="PetTest" finished-at="2024-02-19T11:07:39 IST" duration-ms="22399">
      <class name="api.test.UserTests2">
        <test-method is-config="true" signature="setup()[pri:0, instance:api.test.UserTests2@77888435]" started-at="2024-02-19T11:07:31 IST" name="setup" finished-at="2024-02-19T11:07:32 IST" duration-ms="159" status="PASS">
          <reporter-output>
          </reporter-output>
        </test-method> <!-- setup -->
        <test-method signature="testCreateUser()[pri:1, instance:api.test.UserTests2@77888435]" started-at="2024-02-19T11:07:32 IST" name="testCreateUser" finished-at="2024-02-19T11:07:33 IST" duration-ms="1573" status="PASS">
          <reporter-output>
          </reporter-output>
        </test-method> <!-- testCreateUser -->
        <test-method signature="testGetUserByName()[pri:2, instance:api.test.UserTests2@77888435]" started-at="2024-02-19T11:07:33 IST" name="testGetUserByName" finished-at="2024-02-19T11:07:34 IST" duration-ms="1331" status="PASS">
          <reporter-output>
          </reporter-output>
        </test-method> <!-- testGetUserByName -->
        <test-method signature="testUpdateUserByName()[pri:3, instance:api.test.UserTests2@77888435]" started-at="2024-02-19T11:07:34 IST" name="testUpdateUserByName" finished-at="2024-02-19T11:07:38 IST" duration-ms="3056" status="PASS">
          <reporter-output>
          </reporter-output>
        </test-method> <!-- testUpdateUserByName -->
        <test-method signature="testDeleteUser()[pri:4, instance:api.test.UserTests2@77888435]" started-at="2024-02-19T11:07:38 IST" name="testDeleteUser" finished-at="2024-02-19T11:07:39 IST" duration-ms="1359" status="PASS">
          <reporter-output>
          </reporter-output>
        </test-method> <!-- testDeleteUser -->
      </class> <!-- api.test.UserTests2 -->
      <class name="api.test.UserTests">
        <test-method is-config="true" signature="setup()[pri:0, instance:api.test.UserTests@47eaca72]" started-at="2024-02-19T11:07:17 IST" name="setup" finished-at="2024-02-19T11:07:20 IST" duration-ms="2400" status="PASS">
          <reporter-output>
          </reporter-output>
        </test-method> <!-- setup -->
        <test-method signature="testCreateUser()[pri:1, instance:api.test.UserTests@47eaca72]" started-at="2024-02-19T11:07:20 IST" name="testCreateUser" finished-at="2024-02-19T11:07:26 IST" duration-ms="5943" status="PASS">
          <reporter-output>
          </reporter-output>
        </test-method> <!-- testCreateUser -->
        <test-method signature="testGetUserByName()[pri:2, instance:api.test.UserTests@47eaca72]" started-at="2024-02-19T11:07:26 IST" name="testGetUserByName" finished-at="2024-02-19T11:07:27 IST" duration-ms="1505" status="PASS">
          <reporter-output>
          </reporter-output>
        </test-method> <!-- testGetUserByName -->
        <test-method signature="testUpdateUserByName()[pri:3, instance:api.test.UserTests@47eaca72]" started-at="2024-02-19T11:07:27 IST" name="testUpdateUserByName" finished-at="2024-02-19T11:07:30 IST" duration-ms="2956" status="PASS">
          <reporter-output>
          </reporter-output>
        </test-method> <!-- testUpdateUserByName -->
        <test-method signature="testDeleteUser()[pri:4, instance:api.test.UserTests@47eaca72]" started-at="2024-02-19T11:07:30 IST" name="testDeleteUser" finished-at="2024-02-19T11:07:31 IST" duration-ms="1327" status="PASS">
          <reporter-output>
          </reporter-output>
        </test-method> <!-- testDeleteUser -->
      </class> <!-- api.test.UserTests -->
    </test> <!-- PetTest -->
  </suite> <!-- PetSuite -->
</testng-results>
