<?xml version="1.0" encoding="UTF-8"?>
<!-- Generated by org.testng.reporters.JUnitXMLReporter -->
<testsuite ignored="0" hostname="DESKTOP-2P7KUM1" failures="0" tests="8" name="PetTest" time="13.64" errors="0" timestamp="2024-02-19T12:22:46 IST">
  <testcase classname="api.test.UserTests" name="testCreateUser" time="2.593"/>
  <testcase classname="api.test.UserTests" name="testGetUserByName" time="1.153"/>
  <testcase classname="api.test.UserTests" name="testUpdateUserByName" time="2.212"/>
  <testcase classname="api.test.UserTests" name="testDeleteUser" time="1.124"/>
  <testcase classname="api.test.UserTests2" name="testCreateUser" time="1.112"/>
  <testcase classname="api.test.UserTests2" name="testGetUserByName" time="1.121"/>
  <testcase classname="api.test.UserTests2" name="testUpdateUserByName" time="2.229"/>
  <testcase classname="api.test.UserTests2" name="testDeleteUser" time="1.188"/>
</testsuite> <!-- PetTest -->
