<?xml version="1.0" encoding="UTF-8"?>
<!-- Generated by org.testng.reporters.JUnitXMLReporter -->
<testsuite ignored="0" hostname="DESKTOP-2P7KUM1" failures="0" tests="8" name="PetTest" time="22.399" errors="0" timestamp="2024-02-19T11:07:40 IST">
  <testcase classname="api.test.UserTests" name="testCreateUser" time="5.943"/>
  <testcase classname="api.test.UserTests" name="testGetUserByName" time="1.505"/>
  <testcase classname="api.test.UserTests" name="testUpdateUserByName" time="2.956"/>
  <testcase classname="api.test.UserTests" name="testDeleteUser" time="1.327"/>
  <testcase classname="api.test.UserTests2" name="testCreateUser" time="1.573"/>
  <testcase classname="api.test.UserTests2" name="testGetUserByName" time="1.331"/>
  <testcase classname="api.test.UserTests2" name="testUpdateUserByName" time="3.056"/>
  <testcase classname="api.test.UserTests2" name="testDeleteUser" time="1.359"/>
</testsuite> <!-- PetTest -->
